2022-02-11 10:53:23,694 - app - DEBUG - REGISTERING BLENDARMOCAP (ui_registration.py:40)
2022-02-11 10:53:23,695 - app - DEBUG - <class '_blender.interface.ui_preferences.PREFERENCES_OT_install_dependencies_button'> (ui_registration.py:43)
2022-02-11 10:53:23,695 - app - DEBUG - <class '_blender.interface.ui_preferences.BLENDARMOCAP_preferences'> (ui_registration.py:43)
2022-02-11 10:53:23,695 - app - DEBUG - <class '_blender.interface.ui_panels.UI_PT_warning_panel'> (ui_registration.py:43)
2022-02-11 10:53:23,695 - app - DEBUG - TRY ACCESS INSTALLED DEPENDENCIES (ui_registration.py:47)
2022-02-11 10:53:23,695 - app - DEBUG - Dependency(module='mediapipe', package=None, name=None) (ui_registration.py:49)
2022-02-11 10:53:24,554 - app - DEBUG - Dependency(module='opencv-python', package=None, name='cv2') (ui_registration.py:49)
2022-02-11 10:53:24,554 - app - INFO - REGISTER BLENDARMOCAP INTERFACE (ui_registration.py:62)
2022-02-11 10:53:24,554 - app - DEBUG - <class '_blender.interface.properties.MyProperties'> (ui_registration.py:64)
2022-02-11 10:53:24,555 - app - DEBUG - <class '_blender.interface.ui_panels.UI_transfer_anim_button'> (ui_registration.py:64)
2022-02-11 10:53:24,555 - app - DEBUG - <class '_blender.interface.stream_detection_operator.WM_modal_detection_operator'> (ui_registration.py:64)
2022-02-11 10:53:24,555 - app - DEBUG - <class '_blender.interface.ui_panels.UI_PT_main_panel'> (ui_registration.py:64)
2022-02-11 10:53:24,871 - app - INFO - UNREGISTER BLENDARMOCAP (ui_registration.py:70)
2022-02-11 10:53:24,871 - app - DEBUG - <class '_blender.interface.ui_preferences.PREFERENCES_OT_install_dependencies_button'> (ui_registration.py:72)
2022-02-11 10:53:24,872 - app - DEBUG - <class '_blender.interface.ui_preferences.BLENDARMOCAP_preferences'> (ui_registration.py:72)
2022-02-11 10:53:24,872 - app - DEBUG - <class '_blender.interface.ui_panels.UI_PT_warning_panel'> (ui_registration.py:72)
2022-02-11 10:53:24,872 - app - INFO - UNREGISTER BLENDARMOCAP WITH ACTIVE DEPENDENCIES (ui_registration.py:76)
2022-02-11 10:53:24,872 - app - DEBUG - <class '_blender.interface.ui_panels.UI_PT_main_panel'> (ui_registration.py:79)
2022-02-11 10:53:24,872 - app - DEBUG - <class '_blender.interface.stream_detection_operator.WM_modal_detection_operator'> (ui_registration.py:79)
2022-02-11 10:53:24,872 - app - DEBUG - <class '_blender.interface.ui_panels.UI_transfer_anim_button'> (ui_registration.py:79)
2022-02-11 10:53:24,873 - app - DEBUG - <class '_blender.interface.properties.MyProperties'> (ui_registration.py:79)
2022-02-12 11:10:26,120 - app - DEBUG - REGISTERING BLENDARMOCAP (ui_registration.py:40)
2022-02-12 11:10:26,121 - app - DEBUG - <class '_blender.interface.ui_preferences.PREFERENCES_OT_install_dependencies_button'> (ui_registration.py:43)
2022-02-12 11:10:26,121 - app - DEBUG - <class '_blender.interface.ui_preferences.BLENDARMOCAP_preferences'> (ui_registration.py:43)
2022-02-12 11:10:26,121 - app - DEBUG - <class '_blender.interface.ui_panels.UI_PT_warning_panel'> (ui_registration.py:43)
2022-02-12 11:10:26,121 - app - DEBUG - TRY ACCESS INSTALLED DEPENDENCIES (ui_registration.py:47)
2022-02-12 11:10:26,121 - app - DEBUG - Dependency(module='mediapipe', package=None, name=None) (ui_registration.py:49)
2022-02-12 11:10:28,631 - app - DEBUG - Dependency(module='opencv-python', package=None, name='cv2') (ui_registration.py:49)
2022-02-12 11:10:28,631 - app - INFO - REGISTER BLENDARMOCAP INTERFACE (ui_registration.py:62)
2022-02-12 11:10:28,632 - app - DEBUG - <class '_blender.interface.properties.MyProperties'> (ui_registration.py:64)
2022-02-12 11:10:28,632 - app - DEBUG - <class '_blender.interface.ui_panels.UI_transfer_anim_button'> (ui_registration.py:64)
2022-02-12 11:10:28,632 - app - DEBUG - <class '_blender.interface.stream_detection_operator.WM_modal_detection_operator'> (ui_registration.py:64)
2022-02-12 11:10:28,632 - app - DEBUG - <class '_blender.interface.ui_panels.UI_PT_main_panel'> (ui_registration.py:64)
2022-02-12 11:10:29,137 - app - INFO - UNREGISTER BLENDARMOCAP (ui_registration.py:70)
2022-02-12 11:10:29,137 - app - DEBUG - <class '_blender.interface.ui_preferences.PREFERENCES_OT_install_dependencies_button'> (ui_registration.py:72)
2022-02-12 11:10:29,137 - app - DEBUG - <class '_blender.interface.ui_preferences.BLENDARMOCAP_preferences'> (ui_registration.py:72)
2022-02-12 11:10:29,138 - app - DEBUG - <class '_blender.interface.ui_panels.UI_PT_warning_panel'> (ui_registration.py:72)
2022-02-12 11:10:29,138 - app - INFO - UNREGISTER BLENDARMOCAP WITH ACTIVE DEPENDENCIES (ui_registration.py:76)
2022-02-12 11:10:29,138 - app - DEBUG - <class '_blender.interface.ui_panels.UI_PT_main_panel'> (ui_registration.py:79)
2022-02-12 11:10:29,138 - app - DEBUG - <class '_blender.interface.stream_detection_operator.WM_modal_detection_operator'> (ui_registration.py:79)
2022-02-12 11:10:29,138 - app - DEBUG - <class '_blender.interface.ui_panels.UI_transfer_anim_button'> (ui_registration.py:79)
2022-02-12 11:10:29,139 - app - DEBUG - <class '_blender.interface.properties.MyProperties'> (ui_registration.py:79)
2022-02-13 13:27:29,217 - app - DEBUG - REGISTERING BLENDARMOCAP (ui_registration.py:40)
2022-02-13 13:27:29,218 - app - DEBUG - <class '_blender.interface.ui_preferences.PREFERENCES_OT_install_dependencies_button'> (ui_registration.py:43)
2022-02-13 13:27:29,218 - app - DEBUG - <class '_blender.interface.ui_preferences.BLENDARMOCAP_preferences'> (ui_registration.py:43)
2022-02-13 13:27:29,218 - app - DEBUG - <class '_blender.interface.ui_panels.UI_PT_warning_panel'> (ui_registration.py:43)
2022-02-13 13:27:29,218 - app - DEBUG - TRY ACCESS INSTALLED DEPENDENCIES (ui_registration.py:47)
2022-02-13 13:27:29,218 - app - DEBUG - Dependency(module='mediapipe', package=None, name=None) (ui_registration.py:49)
2022-02-13 13:27:30,104 - app - DEBUG - Dependency(module='opencv-python', package=None, name='cv2') (ui_registration.py:49)
2022-02-13 13:27:30,104 - app - INFO - REGISTER BLENDARMOCAP INTERFACE (ui_registration.py:62)
2022-02-13 13:27:30,104 - app - DEBUG - <class '_blender.interface.properties.MyProperties'> (ui_registration.py:64)
2022-02-13 13:27:30,104 - app - DEBUG - <class '_blender.interface.ui_panels.UI_transfer_anim_button'> (ui_registration.py:64)
2022-02-13 13:27:30,105 - app - DEBUG - <class '_blender.interface.stream_detection_operator.WM_modal_detection_operator'> (ui_registration.py:64)
2022-02-13 13:27:30,105 - app - DEBUG - <class '_blender.interface.ui_panels.UI_PT_main_panel'> (ui_registration.py:64)
2022-02-13 13:27:30,277 - app - INFO - UNREGISTER BLENDARMOCAP (ui_registration.py:70)
2022-02-13 13:27:30,277 - app - DEBUG - <class '_blender.interface.ui_preferences.PREFERENCES_OT_install_dependencies_button'> (ui_registration.py:72)
2022-02-13 13:27:30,277 - app - DEBUG - <class '_blender.interface.ui_preferences.BLENDARMOCAP_preferences'> (ui_registration.py:72)
2022-02-13 13:27:30,278 - app - DEBUG - <class '_blender.interface.ui_panels.UI_PT_warning_panel'> (ui_registration.py:72)
2022-02-13 13:27:30,278 - app - INFO - UNREGISTER BLENDARMOCAP WITH ACTIVE DEPENDENCIES (ui_registration.py:76)
2022-02-13 13:27:30,278 - app - DEBUG - <class '_blender.interface.ui_panels.UI_PT_main_panel'> (ui_registration.py:79)
2022-02-13 13:27:30,278 - app - DEBUG - <class '_blender.interface.stream_detection_operator.WM_modal_detection_operator'> (ui_registration.py:79)
2022-02-13 13:27:30,278 - app - DEBUG - <class '_blender.interface.ui_panels.UI_transfer_anim_button'> (ui_registration.py:79)
2022-02-13 13:27:30,279 - app - DEBUG - <class '_blender.interface.properties.MyProperties'> (ui_registration.py:79)
2022-02-13 15:14:57,309 - app - DEBUG - REGISTERING BLENDARMOCAP (ui_registration.py:40)
2022-02-13 15:14:57,309 - app - DEBUG - <class '_blender.interface.ui_preferences.PREFERENCES_OT_install_dependencies_button'> (ui_registration.py:43)
2022-02-13 15:14:57,309 - app - DEBUG - <class '_blender.interface.ui_preferences.BLENDARMOCAP_preferences'> (ui_registration.py:43)
2022-02-13 15:14:57,310 - app - DEBUG - <class '_blender.interface.ui_panels.UI_PT_warning_panel'> (ui_registration.py:43)
2022-02-13 15:14:57,310 - app - DEBUG - TRY ACCESS INSTALLED DEPENDENCIES (ui_registration.py:47)
2022-02-13 15:14:57,310 - app - DEBUG - Dependency(module='mediapipe', package=None, name=None) (ui_registration.py:49)
2022-02-13 15:14:59,766 - app - DEBUG - Dependency(module='opencv-python', package=None, name='cv2') (ui_registration.py:49)
2022-02-13 15:14:59,767 - app - INFO - REGISTER BLENDARMOCAP INTERFACE (ui_registration.py:62)
2022-02-13 15:14:59,767 - app - DEBUG - <class '_blender.interface.properties.MyProperties'> (ui_registration.py:64)
2022-02-13 15:14:59,767 - app - DEBUG - <class '_blender.interface.ui_panels.UI_transfer_anim_button'> (ui_registration.py:64)
2022-02-13 15:14:59,767 - app - DEBUG - <class '_blender.interface.stream_detection_operator.WM_modal_detection_operator'> (ui_registration.py:64)
2022-02-13 15:14:59,767 - app - DEBUG - <class '_blender.interface.ui_panels.UI_PT_main_panel'> (ui_registration.py:64)
2022-02-13 15:14:59,952 - app - INFO - UNREGISTER BLENDARMOCAP (ui_registration.py:70)
2022-02-13 15:14:59,952 - app - DEBUG - <class '_blender.interface.ui_preferences.PREFERENCES_OT_install_dependencies_button'> (ui_registration.py:72)
2022-02-13 15:14:59,952 - app - DEBUG - <class '_blender.interface.ui_preferences.BLENDARMOCAP_preferences'> (ui_registration.py:72)
2022-02-13 15:14:59,952 - app - DEBUG - <class '_blender.interface.ui_panels.UI_PT_warning_panel'> (ui_registration.py:72)
2022-02-13 15:14:59,953 - app - INFO - UNREGISTER BLENDARMOCAP WITH ACTIVE DEPENDENCIES (ui_registration.py:76)
2022-02-13 15:14:59,954 - app - DEBUG - <class '_blender.interface.ui_panels.UI_PT_main_panel'> (ui_registration.py:79)
2022-02-13 15:14:59,954 - app - DEBUG - <class '_blender.interface.stream_detection_operator.WM_modal_detection_operator'> (ui_registration.py:79)
2022-02-13 15:14:59,954 - app - DEBUG - <class '_blender.interface.ui_panels.UI_transfer_anim_button'> (ui_registration.py:79)
2022-02-13 15:14:59,954 - app - DEBUG - <class '_blender.interface.properties.MyProperties'> (ui_registration.py:79)
2022-02-15 08:41:01,632 - app - DEBUG - REGISTERING BLENDARMOCAP (ui_registration.py:40)
2022-02-15 08:41:01,632 - app - DEBUG - <class '_blender.interface.ui_preferences.PREFERENCES_OT_install_dependencies_button'> (ui_registration.py:43)
2022-02-15 08:41:01,632 - app - DEBUG - <class '_blender.interface.ui_preferences.BLENDARMOCAP_preferences'> (ui_registration.py:43)
2022-02-15 08:41:01,633 - app - DEBUG - <class '_blender.interface.ui_panels.UI_PT_warning_panel'> (ui_registration.py:43)
2022-02-15 08:41:01,633 - app - DEBUG - TRY ACCESS INSTALLED DEPENDENCIES (ui_registration.py:47)
2022-02-15 08:41:01,633 - app - DEBUG - Dependency(module='mediapipe', package=None, name=None) (ui_registration.py:49)
2022-02-15 08:41:02,511 - app - DEBUG - Dependency(module='opencv-python', package=None, name='cv2') (ui_registration.py:49)
2022-02-15 08:41:02,511 - app - INFO - REGISTER BLENDARMOCAP INTERFACE (ui_registration.py:62)
2022-02-15 08:41:02,511 - app - DEBUG - <class '_blender.interface.properties.MyProperties'> (ui_registration.py:64)
2022-02-15 08:41:02,512 - app - DEBUG - <class '_blender.interface.ui_panels.UI_transfer_anim_button'> (ui_registration.py:64)
2022-02-15 08:41:02,512 - app - DEBUG - <class '_blender.interface.stream_detection_operator.WM_modal_detection_operator'> (ui_registration.py:64)
2022-02-15 08:41:02,512 - app - DEBUG - <class '_blender.interface.ui_panels.UI_PT_main_panel'> (ui_registration.py:64)
2022-02-15 08:41:02,812 - app - INFO - UNREGISTER BLENDARMOCAP (ui_registration.py:70)
2022-02-15 08:41:02,813 - app - DEBUG - <class '_blender.interface.ui_preferences.PREFERENCES_OT_install_dependencies_button'> (ui_registration.py:72)
2022-02-15 08:41:02,813 - app - DEBUG - <class '_blender.interface.ui_preferences.BLENDARMOCAP_preferences'> (ui_registration.py:72)
2022-02-15 08:41:02,813 - app - DEBUG - <class '_blender.interface.ui_panels.UI_PT_warning_panel'> (ui_registration.py:72)
2022-02-15 08:41:02,813 - app - INFO - UNREGISTER BLENDARMOCAP WITH ACTIVE DEPENDENCIES (ui_registration.py:76)
2022-02-15 08:41:02,814 - app - DEBUG - <class '_blender.interface.ui_panels.UI_PT_main_panel'> (ui_registration.py:79)
2022-02-15 08:41:02,814 - app - DEBUG - <class '_blender.interface.stream_detection_operator.WM_modal_detection_operator'> (ui_registration.py:79)
2022-02-15 08:41:02,814 - app - DEBUG - <class '_blender.interface.ui_panels.UI_transfer_anim_button'> (ui_registration.py:79)
2022-02-15 08:41:02,815 - app - DEBUG - <class '_blender.interface.properties.MyProperties'> (ui_registration.py:79)
2022-02-15 08:41:04,483 - app - DEBUG - REGISTERING BLENDARMOCAP (ui_registration.py:40)
2022-02-15 08:41:04,483 - app - DEBUG - <class '_blender.interface.ui_preferences.PREFERENCES_OT_install_dependencies_button'> (ui_registration.py:43)
2022-02-15 08:41:04,483 - app - DEBUG - <class '_blender.interface.ui_preferences.BLENDARMOCAP_preferences'> (ui_registration.py:43)
2022-02-15 08:41:04,483 - app - DEBUG - <class '_blender.interface.ui_panels.UI_PT_warning_panel'> (ui_registration.py:43)
2022-02-15 08:41:04,484 - app - DEBUG - TRY ACCESS INSTALLED DEPENDENCIES (ui_registration.py:47)
2022-02-15 08:41:04,484 - app - DEBUG - Dependency(module='mediapipe', package=None, name=None) (ui_registration.py:49)
2022-02-15 08:41:05,372 - app - DEBUG - Dependency(module='opencv-python', package=None, name='cv2') (ui_registration.py:49)
2022-02-15 08:41:05,372 - app - INFO - REGISTER BLENDARMOCAP INTERFACE (ui_registration.py:62)
2022-02-15 08:41:05,373 - app - DEBUG - <class '_blender.interface.properties.MyProperties'> (ui_registration.py:64)
2022-02-15 08:41:05,373 - app - DEBUG - <class '_blender.interface.ui_panels.UI_transfer_anim_button'> (ui_registration.py:64)
2022-02-15 08:41:05,373 - app - DEBUG - <class '_blender.interface.stream_detection_operator.WM_modal_detection_operator'> (ui_registration.py:64)
2022-02-15 08:41:05,373 - app - DEBUG - <class '_blender.interface.ui_panels.UI_PT_main_panel'> (ui_registration.py:64)
2022-02-15 08:41:05,473 - app - INFO - UNREGISTER BLENDARMOCAP (ui_registration.py:70)
2022-02-15 08:41:05,473 - app - DEBUG - <class '_blender.interface.ui_preferences.PREFERENCES_OT_install_dependencies_button'> (ui_registration.py:72)
2022-02-15 08:41:05,474 - app - DEBUG - <class '_blender.interface.ui_preferences.BLENDARMOCAP_preferences'> (ui_registration.py:72)
2022-02-15 08:41:05,474 - app - DEBUG - <class '_blender.interface.ui_panels.UI_PT_warning_panel'> (ui_registration.py:72)
2022-02-15 08:41:05,474 - app - INFO - UNREGISTER BLENDARMOCAP WITH ACTIVE DEPENDENCIES (ui_registration.py:76)
2022-02-15 08:41:05,474 - app - DEBUG - <class '_blender.interface.ui_panels.UI_PT_main_panel'> (ui_registration.py:79)
2022-02-15 08:41:05,474 - app - DEBUG - <class '_blender.interface.stream_detection_operator.WM_modal_detection_operator'> (ui_registration.py:79)
2022-02-15 08:41:05,475 - app - DEBUG - <class '_blender.interface.ui_panels.UI_transfer_anim_button'> (ui_registration.py:79)
2022-02-15 08:41:05,475 - app - DEBUG - <class '_blender.interface.properties.MyProperties'> (ui_registration.py:79)
2022-02-15 08:41:07,166 - app - DEBUG - REGISTERING BLENDARMOCAP (ui_registration.py:40)
2022-02-15 08:41:07,166 - app - DEBUG - <class '_blender.interface.ui_preferences.PREFERENCES_OT_install_dependencies_button'> (ui_registration.py:43)
2022-02-15 08:41:07,167 - app - DEBUG - <class '_blender.interface.ui_preferences.BLENDARMOCAP_preferences'> (ui_registration.py:43)
2022-02-15 08:41:07,167 - app - DEBUG - <class '_blender.interface.ui_panels.UI_PT_warning_panel'> (ui_registration.py:43)
2022-02-15 08:41:07,167 - app - DEBUG - TRY ACCESS INSTALLED DEPENDENCIES (ui_registration.py:47)
2022-02-15 08:41:07,167 - app - DEBUG - Dependency(module='mediapipe', package=None, name=None) (ui_registration.py:49)
2022-02-15 08:41:08,043 - app - DEBUG - Dependency(module='opencv-python', package=None, name='cv2') (ui_registration.py:49)
2022-02-15 08:41:08,043 - app - INFO - REGISTER BLENDARMOCAP INTERFACE (ui_registration.py:62)
2022-02-15 08:41:08,044 - app - DEBUG - <class '_blender.interface.properties.MyProperties'> (ui_registration.py:64)
2022-02-15 08:41:08,044 - app - DEBUG - <class '_blender.interface.ui_panels.UI_transfer_anim_button'> (ui_registration.py:64)
2022-02-15 08:41:08,044 - app - DEBUG - <class '_blender.interface.stream_detection_operator.WM_modal_detection_operator'> (ui_registration.py:64)
2022-02-15 08:41:08,044 - app - DEBUG - <class '_blender.interface.ui_panels.UI_PT_main_panel'> (ui_registration.py:64)
2022-02-15 08:41:08,165 - app - INFO - UNREGISTER BLENDARMOCAP (ui_registration.py:70)
2022-02-15 08:41:08,166 - app - DEBUG - <class '_blender.interface.ui_preferences.PREFERENCES_OT_install_dependencies_button'> (ui_registration.py:72)
2022-02-15 08:41:08,166 - app - DEBUG - <class '_blender.interface.ui_preferences.BLENDARMOCAP_preferences'> (ui_registration.py:72)
2022-02-15 08:41:08,166 - app - DEBUG - <class '_blender.interface.ui_panels.UI_PT_warning_panel'> (ui_registration.py:72)
2022-02-15 08:41:08,167 - app - INFO - UNREGISTER BLENDARMOCAP WITH ACTIVE DEPENDENCIES (ui_registration.py:76)
2022-02-15 08:41:08,167 - app - DEBUG - <class '_blender.interface.ui_panels.UI_PT_main_panel'> (ui_registration.py:79)
2022-02-15 08:41:08,167 - app - DEBUG - <class '_blender.interface.stream_detection_operator.WM_modal_detection_operator'> (ui_registration.py:79)
2022-02-15 08:41:08,167 - app - DEBUG - <class '_blender.interface.ui_panels.UI_transfer_anim_button'> (ui_registration.py:79)
2022-02-15 08:41:08,167 - app - DEBUG - <class '_blender.interface.properties.MyProperties'> (ui_registration.py:79)
2022-02-15 08:41:09,532 - app - DEBUG - REGISTERING BLENDARMOCAP (ui_registration.py:40)
2022-02-15 08:41:09,532 - app - DEBUG - <class '_blender.interface.ui_preferences.PREFERENCES_OT_install_dependencies_button'> (ui_registration.py:43)
2022-02-15 08:41:09,533 - app - DEBUG - <class '_blender.interface.ui_preferences.BLENDARMOCAP_preferences'> (ui_registration.py:43)
2022-02-15 08:41:09,533 - app - DEBUG - <class '_blender.interface.ui_panels.UI_PT_warning_panel'> (ui_registration.py:43)
2022-02-15 08:41:09,533 - app - DEBUG - TRY ACCESS INSTALLED DEPENDENCIES (ui_registration.py:47)
2022-02-15 08:41:09,534 - app - DEBUG - Dependency(module='mediapipe', package=None, name=None) (ui_registration.py:49)
2022-02-15 08:41:10,416 - app - DEBUG - Dependency(module='opencv-python', package=None, name='cv2') (ui_registration.py:49)
2022-02-15 08:41:10,416 - app - INFO - REGISTER BLENDARMOCAP INTERFACE (ui_registration.py:62)
2022-02-15 08:41:10,417 - app - DEBUG - <class '_blender.interface.properties.MyProperties'> (ui_registration.py:64)
2022-02-15 08:41:10,417 - app - DEBUG - <class '_blender.interface.ui_panels.UI_transfer_anim_button'> (ui_registration.py:64)
2022-02-15 08:41:10,417 - app - DEBUG - <class '_blender.interface.stream_detection_operator.WM_modal_detection_operator'> (ui_registration.py:64)
2022-02-15 08:41:10,417 - app - DEBUG - <class '_blender.interface.ui_panels.UI_PT_main_panel'> (ui_registration.py:64)
2022-02-15 08:41:11,422 - app - INFO - UNREGISTER BLENDARMOCAP (ui_registration.py:70)
2022-02-15 08:41:11,422 - app - DEBUG - <class '_blender.interface.ui_preferences.PREFERENCES_OT_install_dependencies_button'> (ui_registration.py:72)
2022-02-15 08:41:11,422 - app - DEBUG - <class '_blender.interface.ui_preferences.BLENDARMOCAP_preferences'> (ui_registration.py:72)
2022-02-15 08:41:11,422 - app - DEBUG - <class '_blender.interface.ui_panels.UI_PT_warning_panel'> (ui_registration.py:72)
2022-02-15 08:41:11,423 - app - INFO - UNREGISTER BLENDARMOCAP WITH ACTIVE DEPENDENCIES (ui_registration.py:76)
2022-02-15 08:41:11,423 - app - DEBUG - <class '_blender.interface.ui_panels.UI_PT_main_panel'> (ui_registration.py:79)
2022-02-15 08:41:11,423 - app - DEBUG - <class '_blender.interface.stream_detection_operator.WM_modal_detection_operator'> (ui_registration.py:79)
2022-02-15 08:41:11,424 - app - DEBUG - <class '_blender.interface.ui_panels.UI_transfer_anim_button'> (ui_registration.py:79)
2022-02-15 08:41:11,424 - app - DEBUG - <class '_blender.interface.properties.MyProperties'> (ui_registration.py:79)
2022-02-15 08:41:13,076 - app - DEBUG - REGISTERING BLENDARMOCAP (ui_registration.py:40)
2022-02-15 08:41:13,076 - app - DEBUG - <class '_blender.interface.ui_preferences.PREFERENCES_OT_install_dependencies_button'> (ui_registration.py:43)
2022-02-15 08:41:13,077 - app - DEBUG - <class '_blender.interface.ui_preferences.BLENDARMOCAP_preferences'> (ui_registration.py:43)
2022-02-15 08:41:13,077 - app - DEBUG - <class '_blender.interface.ui_panels.UI_PT_warning_panel'> (ui_registration.py:43)
2022-02-15 08:41:13,077 - app - DEBUG - TRY ACCESS INSTALLED DEPENDENCIES (ui_registration.py:47)
2022-02-15 08:41:13,077 - app - DEBUG - Dependency(module='mediapipe', package=None, name=None) (ui_registration.py:49)
2022-02-15 08:41:13,944 - app - DEBUG - Dependency(module='opencv-python', package=None, name='cv2') (ui_registration.py:49)
2022-02-15 08:41:13,945 - app - INFO - REGISTER BLENDARMOCAP INTERFACE (ui_registration.py:62)
2022-02-15 08:41:13,945 - app - DEBUG - <class '_blender.interface.properties.MyProperties'> (ui_registration.py:64)
2022-02-15 08:41:13,945 - app - DEBUG - <class '_blender.interface.ui_panels.UI_transfer_anim_button'> (ui_registration.py:64)
2022-02-15 08:41:13,945 - app - DEBUG - <class '_blender.interface.stream_detection_operator.WM_modal_detection_operator'> (ui_registration.py:64)
2022-02-15 08:41:13,945 - app - DEBUG - <class '_blender.interface.ui_panels.UI_PT_main_panel'> (ui_registration.py:64)
2022-02-15 08:41:14,110 - app - INFO - UNREGISTER BLENDARMOCAP (ui_registration.py:70)
2022-02-15 08:41:14,110 - app - DEBUG - <class '_blender.interface.ui_preferences.PREFERENCES_OT_install_dependencies_button'> (ui_registration.py:72)
2022-02-15 08:41:14,110 - app - DEBUG - <class '_blender.interface.ui_preferences.BLENDARMOCAP_preferences'> (ui_registration.py:72)
2022-02-15 08:41:14,110 - app - DEBUG - <class '_blender.interface.ui_panels.UI_PT_warning_panel'> (ui_registration.py:72)
2022-02-15 08:41:14,111 - app - INFO - UNREGISTER BLENDARMOCAP WITH ACTIVE DEPENDENCIES (ui_registration.py:76)
2022-02-15 08:41:14,111 - app - DEBUG - <class '_blender.interface.ui_panels.UI_PT_main_panel'> (ui_registration.py:79)
2022-02-15 08:41:14,111 - app - DEBUG - <class '_blender.interface.stream_detection_operator.WM_modal_detection_operator'> (ui_registration.py:79)
2022-02-15 08:41:14,111 - app - DEBUG - <class '_blender.interface.ui_panels.UI_transfer_anim_button'> (ui_registration.py:79)
2022-02-15 08:41:14,111 - app - DEBUG - <class '_blender.interface.properties.MyProperties'> (ui_registration.py:79)
2022-02-15 08:41:15,930 - app - DEBUG - REGISTERING BLENDARMOCAP (ui_registration.py:40)
2022-02-15 08:41:15,930 - app - DEBUG - <class '_blender.interface.ui_preferences.PREFERENCES_OT_install_dependencies_button'> (ui_registration.py:43)
2022-02-15 08:41:15,931 - app - DEBUG - <class '_blender.interface.ui_preferences.BLENDARMOCAP_preferences'> (ui_registration.py:43)
2022-02-15 08:41:15,931 - app - DEBUG - <class '_blender.interface.ui_panels.UI_PT_warning_panel'> (ui_registration.py:43)
2022-02-15 08:41:15,931 - app - DEBUG - TRY ACCESS INSTALLED DEPENDENCIES (ui_registration.py:47)
2022-02-15 08:41:15,931 - app - DEBUG - Dependency(module='mediapipe', package=None, name=None) (ui_registration.py:49)
2022-02-15 08:41:16,834 - app - DEBUG - Dependency(module='opencv-python', package=None, name='cv2') (ui_registration.py:49)
2022-02-15 08:41:16,835 - app - INFO - REGISTER BLENDARMOCAP INTERFACE (ui_registration.py:62)
2022-02-15 08:41:16,835 - app - DEBUG - <class '_blender.interface.properties.MyProperties'> (ui_registration.py:64)
2022-02-15 08:41:16,835 - app - DEBUG - <class '_blender.interface.ui_panels.UI_transfer_anim_button'> (ui_registration.py:64)
2022-02-15 08:41:16,835 - app - DEBUG - <class '_blender.interface.stream_detection_operator.WM_modal_detection_operator'> (ui_registration.py:64)
2022-02-15 08:41:16,836 - app - DEBUG - <class '_blender.interface.ui_panels.UI_PT_main_panel'> (ui_registration.py:64)
2022-02-15 08:41:17,314 - app - INFO - UNREGISTER BLENDARMOCAP (ui_registration.py:70)
2022-02-15 08:41:17,314 - app - DEBUG - <class '_blender.interface.ui_preferences.PREFERENCES_OT_install_dependencies_button'> (ui_registration.py:72)
2022-02-15 08:41:17,314 - app - DEBUG - <class '_blender.interface.ui_preferences.BLENDARMOCAP_preferences'> (ui_registration.py:72)
2022-02-15 08:41:17,314 - app - DEBUG - <class '_blender.interface.ui_panels.UI_PT_warning_panel'> (ui_registration.py:72)
2022-02-15 08:41:17,314 - app - INFO - UNREGISTER BLENDARMOCAP WITH ACTIVE DEPENDENCIES (ui_registration.py:76)
2022-02-15 08:41:17,315 - app - DEBUG - <class '_blender.interface.ui_panels.UI_PT_main_panel'> (ui_registration.py:79)
2022-02-15 08:41:17,315 - app - DEBUG - <class '_blender.interface.stream_detection_operator.WM_modal_detection_operator'> (ui_registration.py:79)
2022-02-15 08:41:17,315 - app - DEBUG - <class '_blender.interface.ui_panels.UI_transfer_anim_button'> (ui_registration.py:79)
2022-02-15 08:41:17,315 - app - DEBUG - <class '_blender.interface.properties.MyProperties'> (ui_registration.py:79)
2022-02-16 09:30:38,280 - app - DEBUG - REGISTERING BLENDARMOCAP (ui_registration.py:40)
2022-02-16 09:30:38,280 - app - DEBUG - <class '_blender.interface.ui_preferences.PREFERENCES_OT_install_dependencies_button'> (ui_registration.py:43)
2022-02-16 09:30:38,280 - app - DEBUG - <class '_blender.interface.ui_preferences.BLENDARMOCAP_preferences'> (ui_registration.py:43)
2022-02-16 09:30:38,280 - app - DEBUG - <class '_blender.interface.ui_panels.UI_PT_warning_panel'> (ui_registration.py:43)
2022-02-16 09:30:38,281 - app - DEBUG - TRY ACCESS INSTALLED DEPENDENCIES (ui_registration.py:47)
2022-02-16 09:30:38,281 - app - DEBUG - Dependency(module='mediapipe', package=None, name=None) (ui_registration.py:49)
2022-02-16 09:30:41,092 - app - DEBUG - Dependency(module='opencv-python', package=None, name='cv2') (ui_registration.py:49)
2022-02-16 09:30:41,093 - app - INFO - REGISTER BLENDARMOCAP INTERFACE (ui_registration.py:62)
2022-02-16 09:30:41,093 - app - DEBUG - <class '_blender.interface.properties.MyProperties'> (ui_registration.py:64)
2022-02-16 09:30:41,093 - app - DEBUG - <class '_blender.interface.ui_panels.UI_transfer_anim_button'> (ui_registration.py:64)
2022-02-16 09:30:41,093 - app - DEBUG - <class '_blender.interface.stream_detection_operator.WM_modal_detection_operator'> (ui_registration.py:64)
2022-02-16 09:30:41,093 - app - DEBUG - <class '_blender.interface.ui_panels.UI_PT_main_panel'> (ui_registration.py:64)
2022-02-16 09:30:41,601 - app - INFO - UNREGISTER BLENDARMOCAP (ui_registration.py:70)
2022-02-16 09:30:41,602 - app - DEBUG - <class '_blender.interface.ui_preferences.PREFERENCES_OT_install_dependencies_button'> (ui_registration.py:72)
2022-02-16 09:30:41,602 - app - DEBUG - <class '_blender.interface.ui_preferences.BLENDARMOCAP_preferences'> (ui_registration.py:72)
2022-02-16 09:30:41,602 - app - DEBUG - <class '_blender.interface.ui_panels.UI_PT_warning_panel'> (ui_registration.py:72)
2022-02-16 09:30:41,602 - app - INFO - UNREGISTER BLENDARMOCAP WITH ACTIVE DEPENDENCIES (ui_registration.py:76)
2022-02-16 09:30:41,602 - app - DEBUG - <class '_blender.interface.ui_panels.UI_PT_main_panel'> (ui_registration.py:79)
2022-02-16 09:30:41,602 - app - DEBUG - <class '_blender.interface.stream_detection_operator.WM_modal_detection_operator'> (ui_registration.py:79)
2022-02-16 09:30:41,603 - app - DEBUG - <class '_blender.interface.ui_panels.UI_transfer_anim_button'> (ui_registration.py:79)
2022-02-16 09:30:41,603 - app - DEBUG - <class '_blender.interface.properties.MyProperties'> (ui_registration.py:79)
2022-02-16 21:06:18,420 - app - DEBUG - REGISTERING BLENDARMOCAP (ui_registration.py:40)
2022-02-16 21:06:18,420 - app - DEBUG - <class '_blender.interface.ui_preferences.PREFERENCES_OT_install_dependencies_button'> (ui_registration.py:43)
2022-02-16 21:06:18,421 - app - DEBUG - <class '_blender.interface.ui_preferences.BLENDARMOCAP_preferences'> (ui_registration.py:43)
2022-02-16 21:06:18,421 - app - DEBUG - <class '_blender.interface.ui_panels.UI_PT_warning_panel'> (ui_registration.py:43)
2022-02-16 21:06:18,421 - app - DEBUG - TRY ACCESS INSTALLED DEPENDENCIES (ui_registration.py:47)
2022-02-16 21:06:18,421 - app - DEBUG - Dependency(module='mediapipe', package=None, name=None) (ui_registration.py:49)
2022-02-16 21:06:19,313 - app - DEBUG - Dependency(module='opencv-python', package=None, name='cv2') (ui_registration.py:49)
2022-02-16 21:06:19,313 - app - INFO - REGISTER BLENDARMOCAP INTERFACE (ui_registration.py:62)
2022-02-16 21:06:19,314 - app - DEBUG - <class '_blender.interface.properties.MyProperties'> (ui_registration.py:64)
2022-02-16 21:06:19,314 - app - DEBUG - <class '_blender.interface.ui_panels.UI_transfer_anim_button'> (ui_registration.py:64)
2022-02-16 21:06:19,314 - app - DEBUG - <class '_blender.interface.stream_detection_operator.WM_modal_detection_operator'> (ui_registration.py:64)
2022-02-16 21:06:19,314 - app - DEBUG - <class '_blender.interface.ui_panels.UI_PT_main_panel'> (ui_registration.py:64)
2022-02-16 21:06:19,783 - app - INFO - UNREGISTER BLENDARMOCAP (ui_registration.py:70)
2022-02-16 21:06:19,784 - app - DEBUG - <class '_blender.interface.ui_preferences.PREFERENCES_OT_install_dependencies_button'> (ui_registration.py:72)
2022-02-16 21:06:19,784 - app - DEBUG - <class '_blender.interface.ui_preferences.BLENDARMOCAP_preferences'> (ui_registration.py:72)
2022-02-16 21:06:19,785 - app - DEBUG - <class '_blender.interface.ui_panels.UI_PT_warning_panel'> (ui_registration.py:72)
2022-02-16 21:06:19,785 - app - INFO - UNREGISTER BLENDARMOCAP WITH ACTIVE DEPENDENCIES (ui_registration.py:76)
2022-02-16 21:06:19,785 - app - DEBUG - <class '_blender.interface.ui_panels.UI_PT_main_panel'> (ui_registration.py:79)
2022-02-16 21:06:19,785 - app - DEBUG - <class '_blender.interface.stream_detection_operator.WM_modal_detection_operator'> (ui_registration.py:79)
2022-02-16 21:06:19,785 - app - DEBUG - <class '_blender.interface.ui_panels.UI_transfer_anim_button'> (ui_registration.py:79)
2022-02-16 21:06:19,785 - app - DEBUG - <class '_blender.interface.properties.MyProperties'> (ui_registration.py:79)
2022-02-18 10:08:36,087 - app - DEBUG - REGISTERING BLENDARMOCAP (ui_registration.py:40)
2022-02-18 10:08:36,088 - app - DEBUG - <class '_blender.interface.ui_preferences.PREFERENCES_OT_install_dependencies_button'> (ui_registration.py:43)
2022-02-18 10:08:36,088 - app - DEBUG - <class '_blender.interface.ui_preferences.BLENDARMOCAP_preferences'> (ui_registration.py:43)
2022-02-18 10:08:36,088 - app - DEBUG - <class '_blender.interface.ui_panels.UI_PT_warning_panel'> (ui_registration.py:43)
2022-02-18 10:08:36,088 - app - DEBUG - TRY ACCESS INSTALLED DEPENDENCIES (ui_registration.py:47)
2022-02-18 10:08:36,089 - app - DEBUG - Dependency(module='mediapipe', package=None, name=None) (ui_registration.py:49)
2022-02-18 10:08:36,983 - app - DEBUG - Dependency(module='opencv-python', package=None, name='cv2') (ui_registration.py:49)
2022-02-18 10:08:36,984 - app - INFO - REGISTER BLENDARMOCAP INTERFACE (ui_registration.py:62)
2022-02-18 10:08:36,984 - app - DEBUG - <class '_blender.interface.properties.MyProperties'> (ui_registration.py:64)
2022-02-18 10:08:36,984 - app - DEBUG - <class '_blender.interface.ui_panels.UI_transfer_anim_button'> (ui_registration.py:64)
2022-02-18 10:08:36,984 - app - DEBUG - <class '_blender.interface.stream_detection_operator.WM_modal_detection_operator'> (ui_registration.py:64)
2022-02-18 10:08:36,985 - app - DEBUG - <class '_blender.interface.ui_panels.UI_PT_main_panel'> (ui_registration.py:64)
2022-02-18 10:08:37,131 - app - INFO - UNREGISTER BLENDARMOCAP (ui_registration.py:70)
2022-02-18 10:08:37,131 - app - DEBUG - <class '_blender.interface.ui_preferences.PREFERENCES_OT_install_dependencies_button'> (ui_registration.py:72)
2022-02-18 10:08:37,132 - app - DEBUG - <class '_blender.interface.ui_preferences.BLENDARMOCAP_preferences'> (ui_registration.py:72)
2022-02-18 10:08:37,134 - app - DEBUG - <class '_blender.interface.ui_panels.UI_PT_warning_panel'> (ui_registration.py:72)
2022-02-18 10:08:37,137 - app - INFO - UNREGISTER BLENDARMOCAP WITH ACTIVE DEPENDENCIES (ui_registration.py:76)
2022-02-18 10:08:37,137 - app - DEBUG - <class '_blender.interface.ui_panels.UI_PT_main_panel'> (ui_registration.py:79)
2022-02-18 10:08:37,137 - app - DEBUG - <class '_blender.interface.stream_detection_operator.WM_modal_detection_operator'> (ui_registration.py:79)
2022-02-18 10:08:37,137 - app - DEBUG - <class '_blender.interface.ui_panels.UI_transfer_anim_button'> (ui_registration.py:79)
2022-02-18 10:08:37,138 - app - DEBUG - <class '_blender.interface.properties.MyProperties'> (ui_registration.py:79)
2022-02-18 10:55:49,369 - app - DEBUG - REGISTERING BLENDARMOCAP (ui_registration.py:40)
2022-02-18 10:55:49,369 - app - DEBUG - <class '_blender.interface.ui_preferences.PREFERENCES_OT_install_dependencies_button'> (ui_registration.py:43)
2022-02-18 10:55:49,370 - app - DEBUG - <class '_blender.interface.ui_preferences.BLENDARMOCAP_preferences'> (ui_registration.py:43)
2022-02-18 10:55:49,370 - app - DEBUG - <class '_blender.interface.ui_panels.UI_PT_warning_panel'> (ui_registration.py:43)
2022-02-18 10:55:49,370 - app - DEBUG - TRY ACCESS INSTALLED DEPENDENCIES (ui_registration.py:47)
2022-02-18 10:55:49,370 - app - DEBUG - Dependency(module='mediapipe', package=None, name=None) (ui_registration.py:49)
2022-02-18 10:55:50,248 - app - DEBUG - Dependency(module='opencv-python', package=None, name='cv2') (ui_registration.py:49)
2022-02-18 10:55:50,248 - app - INFO - REGISTER BLENDARMOCAP INTERFACE (ui_registration.py:62)
2022-02-18 10:55:50,248 - app - DEBUG - <class '_blender.interface.properties.MyProperties'> (ui_registration.py:64)
2022-02-18 10:55:50,249 - app - DEBUG - <class '_blender.interface.ui_panels.UI_transfer_anim_button'> (ui_registration.py:64)
2022-02-18 10:55:50,249 - app - DEBUG - <class '_blender.interface.stream_detection_operator.WM_modal_detection_operator'> (ui_registration.py:64)
2022-02-18 10:55:50,249 - app - DEBUG - <class '_blender.interface.ui_panels.UI_PT_main_panel'> (ui_registration.py:64)
2022-02-18 10:55:50,389 - app - INFO - UNREGISTER BLENDARMOCAP (ui_registration.py:70)
2022-02-18 10:55:50,389 - app - DEBUG - <class '_blender.interface.ui_preferences.PREFERENCES_OT_install_dependencies_button'> (ui_registration.py:72)
2022-02-18 10:55:50,389 - app - DEBUG - <class '_blender.interface.ui_preferences.BLENDARMOCAP_preferences'> (ui_registration.py:72)
2022-02-18 10:55:50,390 - app - DEBUG - <class '_blender.interface.ui_panels.UI_PT_warning_panel'> (ui_registration.py:72)
2022-02-18 10:55:50,390 - app - INFO - UNREGISTER BLENDARMOCAP WITH ACTIVE DEPENDENCIES (ui_registration.py:76)
2022-02-18 10:55:50,390 - app - DEBUG - <class '_blender.interface.ui_panels.UI_PT_main_panel'> (ui_registration.py:79)
2022-02-18 10:55:50,391 - app - DEBUG - <class '_blender.interface.stream_detection_operator.WM_modal_detection_operator'> (ui_registration.py:79)
2022-02-18 10:55:50,391 - app - DEBUG - <class '_blender.interface.ui_panels.UI_transfer_anim_button'> (ui_registration.py:79)
2022-02-18 10:55:50,391 - app - DEBUG - <class '_blender.interface.properties.MyProperties'> (ui_registration.py:79)
2022-02-19 15:10:34,447 - app - DEBUG - REGISTERING BLENDARMOCAP (ui_registration.py:40)
2022-02-19 15:10:34,459 - app - DEBUG - <class '_blender.interface.ui_preferences.PREFERENCES_OT_install_dependencies_button'> (ui_registration.py:43)
2022-02-19 15:10:34,460 - app - DEBUG - <class '_blender.interface.ui_preferences.BLENDARMOCAP_preferences'> (ui_registration.py:43)
2022-02-19 15:10:34,460 - app - DEBUG - <class '_blender.interface.ui_panels.UI_PT_warning_panel'> (ui_registration.py:43)
2022-02-19 15:10:34,460 - app - DEBUG - TRY ACCESS INSTALLED DEPENDENCIES (ui_registration.py:47)
2022-02-19 15:10:34,460 - app - DEBUG - Dependency(module='mediapipe', package=None, name=None) (ui_registration.py:49)
2022-02-19 15:10:35,334 - app - DEBUG - Dependency(module='opencv-python', package=None, name='cv2') (ui_registration.py:49)
2022-02-19 15:10:35,335 - app - INFO - REGISTER BLENDARMOCAP INTERFACE (ui_registration.py:62)
2022-02-19 15:10:35,335 - app - DEBUG - <class '_blender.interface.properties.MyProperties'> (ui_registration.py:64)
2022-02-19 15:10:35,335 - app - DEBUG - <class '_blender.interface.ui_panels.UI_transfer_anim_button'> (ui_registration.py:64)
2022-02-19 15:10:35,335 - app - DEBUG - <class '_blender.interface.stream_detection_operator.WM_modal_detection_operator'> (ui_registration.py:64)
2022-02-19 15:10:35,335 - app - DEBUG - <class '_blender.interface.ui_panels.UI_PT_main_panel'> (ui_registration.py:64)
2022-02-19 15:10:35,468 - app - INFO - UNREGISTER BLENDARMOCAP (ui_registration.py:70)
2022-02-19 15:10:35,468 - app - DEBUG - <class '_blender.interface.ui_preferences.PREFERENCES_OT_install_dependencies_button'> (ui_registration.py:72)
2022-02-19 15:10:35,469 - app - DEBUG - <class '_blender.interface.ui_preferences.BLENDARMOCAP_preferences'> (ui_registration.py:72)
2022-02-19 15:10:35,469 - app - DEBUG - <class '_blender.interface.ui_panels.UI_PT_warning_panel'> (ui_registration.py:72)
2022-02-19 15:10:35,469 - app - INFO - UNREGISTER BLENDARMOCAP WITH ACTIVE DEPENDENCIES (ui_registration.py:76)
2022-02-19 15:10:35,469 - app - DEBUG - <class '_blender.interface.ui_panels.UI_PT_main_panel'> (ui_registration.py:79)
2022-02-19 15:10:35,469 - app - DEBUG - <class '_blender.interface.stream_detection_operator.WM_modal_detection_operator'> (ui_registration.py:79)
2022-02-19 15:10:35,470 - app - DEBUG - <class '_blender.interface.ui_panels.UI_transfer_anim_button'> (ui_registration.py:79)
2022-02-19 15:10:35,470 - app - DEBUG - <class '_blender.interface.properties.MyProperties'> (ui_registration.py:79)
